# JRE version: OpenJDK Runtime Environment (8.0_242-b01) (build 1.8.0_242-release-1644-b01)
# Java VM: OpenJDK 64-Bit Server VM (25.242-b01 mixed mode windows-amd64 compressed oops)
Heap:
 PSYoungGen      total 534016K, used 479808K [0x00000000d5580000, 0x00000000f8500000, 0x0000000100000000)
  eden space 495104K, 92% used [0x00000000d5580000,0x00000000f158b6f0,0x00000000f3900000)
  from space 38912K, 53% used [0x00000000f3900000,0x00000000f4d84cc0,0x00000000f5f00000)
  to   space 33792K, 0% used [0x00000000f6400000,0x00000000f6400000,0x00000000f8500000)
 ParOldGen       total 243712K, used 136632K [0x0000000080000000, 0x000000008ee00000, 0x00000000d5580000)
  object space 243712K, 56% used [0x0000000080000000,0x000000008856e090,0x000000008ee00000)
 Metaspace       used 81946K, capacity 85860K, committed 86232K, reserved 1124352K
  class space    used 10893K, capacity 11651K, committed 11776K, reserved 1048576K
GC Heap History (10 events):
Event: 84.965 GC heap before
{Heap before GC invocations=25 (full 4):
 PSYoungGen      total 404992K, used 366805K [0x00000000d5580000, 0x00000000f0f00000, 0x0000000100000000)
  eden space 358912K, 100% used [0x00000000d5580000,0x00000000eb400000,0x00000000eb400000)
  from space 46080K, 17% used [0x00000000ee200000,0x00000000ee9b5650,0x00000000f0f00000)
  to   space 46592K, 0% used [0x00000000eb400000,0x00000000eb400000,0x00000000ee180000)
 ParOldGen       total 243712K, used 128970K [0x0000000080000000, 0x000000008ee00000, 0x00000000d5580000)
  object space 243712K, 52% used [0x0000000080000000,0x0000000087df2910,0x000000008ee00000)
 Metaspace       used 80796K, capacity 84718K, committed 84824K, reserved 1122304K
  class space    used 10812K, capacity 11584K, committed 11648K, reserved 1048576K
Event: 85.039 GC heap after
Heap after GC invocations=25 (full 4):
 PSYoungGen      total 405504K, used 7424K [0x00000000d5580000, 0x00000000f4c00000, 0x0000000100000000)
  eden space 358912K, 0% used [0x00000000d5580000,0x00000000d5580000,0x00000000eb400000)
  from space 46592K, 15% used [0x00000000eb400000,0x00000000ebb40000,0x00000000ee180000)
  to   space 45568K, 0% used [0x00000000f1f80000,0x00000000f1f80000,0x00000000f4c00000)
 ParOldGen       total 243712K, used 133823K [0x0000000080000000, 0x000000008ee00000, 0x00000000d5580000)
  object space 243712K, 54% used [0x0000000080000000,0x00000000882aff60,0x000000008ee00000)
 Metaspace       used 80796K, capacity 84718K, committed 84824K, reserved 1122304K
  class space    used 10812K, capacity 11584K, committed 11648K, reserved 1048576K
}
Event: 87.852 GC heap before
{Heap before GC invocations=26 (full 4):
 PSYoungGen      total 405504K, used 366336K [0x00000000d5580000, 0x00000000f4c00000, 0x0000000100000000)
  eden space 358912K, 100% used [0x00000000d5580000,0x00000000eb400000,0x00000000eb400000)
  from space 46592K, 15% used [0x00000000eb400000,0x00000000ebb40000,0x00000000ee180000)
  to   space 45568K, 0% used [0x00000000f1f80000,0x00000000f1f80000,0x00000000f4c00000)
 ParOldGen       total 243712K, used 133823K [0x0000000080000000, 0x000000008ee00000, 0x00000000d5580000)
  object space 243712K, 54% used [0x0000000080000000,0x00000000882aff60,0x000000008ee00000)
 Metaspace       used 80821K, capacity 84790K, committed 85080K, reserved 1122304K
  class space    used 10814K, capacity 11584K, committed 11648K, reserved 1048576K
Event: 87.907 GC heap after
Heap after GC invocations=26 (full 4):
 PSYoungGen      total 453632K, used 11488K [0x00000000d5580000, 0x00000000f4280000, 0x0000000100000000)
  eden space 417792K, 0% used [0x00000000d5580000,0x00000000d5580000,0x00000000eed80000)
  from space 35840K, 32% used [0x00000000f1f80000,0x00000000f2ab8000,0x00000000f4280000)
  to   space 43520K, 0% used [0x00000000eed80000,0x00000000eed80000,0x00000000f1800000)
 ParOldGen       total 243712K, used 133831K [0x0000000080000000, 0x000000008ee00000, 0x00000000d5580000)
  object space 243712K, 54% used [0x0000000080000000,0x00000000882b1f60,0x000000008ee00000)
 Metaspace       used 80821K, capacity 84790K, committed 85080K, reserved 1122304K
  class space    used 10814K, capacity 11584K, committed 11648K, reserved 1048576K
}
Event: 90.388 GC heap before
{Heap before GC invocations=27 (full 4):
 PSYoungGen      total 453632K, used 429280K [0x00000000d5580000, 0x00000000f4280000, 0x0000000100000000)
  eden space 417792K, 100% used [0x00000000d5580000,0x00000000eed80000,0x00000000eed80000)
  from space 35840K, 32% used [0x00000000f1f80000,0x00000000f2ab8000,0x00000000f4280000)
  to   space 43520K, 0% used [0x00000000eed80000,0x00000000eed80000,0x00000000f1800000)
 ParOldGen       total 243712K, used 133831K [0x0000000080000000, 0x000000008ee00000, 0x00000000d5580000)
  object space 243712K, 54% used [0x0000000080000000,0x00000000882b1f60,0x000000008ee00000)
 Metaspace       used 80862K, capacity 84802K, committed 85080K, reserved 1122304K
  class space    used 10821K, capacity 11586K, committed 11648K, reserved 1048576K
Event: 90.636 GC heap after
Heap after GC invocations=27 (full 4):
 PSYoungGen      total 461312K, used 16320K [0x00000000d5580000, 0x00000000f8c00000, 0x0000000100000000)
  eden space 417792K, 0% used [0x00000000d5580000,0x00000000d5580000,0x00000000eed80000)
  from space 43520K, 37% used [0x00000000eed80000,0x00000000efd70000,0x00000000f1800000)
  to   space 40960K, 0% used [0x00000000f6400000,0x00000000f6400000,0x00000000f8c00000)
 ParOldGen       total 243712K, used 133839K [0x0000000080000000, 0x000000008ee00000, 0x00000000d5580000)
  object space 243712K, 54% used [0x0000000080000000,0x00000000882b3f60,0x000000008ee00000)
 Metaspace       used 80862K, capacity 84802K, committed 85080K, reserved 1122304K
  class space    used 10821K, capacity 11586K, committed 11648K, reserved 1048576K
}
Event: 92.962 GC heap before
{Heap before GC invocations=28 (full 4):
 PSYoungGen      total 461312K, used 434112K [0x00000000d5580000, 0x00000000f8c00000, 0x0000000100000000)
  eden space 417792K, 100% used [0x00000000d5580000,0x00000000eed80000,0x00000000eed80000)
  from space 43520K, 37% used [0x00000000eed80000,0x00000000efd70000,0x00000000f1800000)
  to   space 40960K, 0% used [0x00000000f6400000,0x00000000f6400000,0x00000000f8c00000)
 ParOldGen       total 243712K, used 133839K [0x0000000080000000, 0x000000008ee00000, 0x00000000d5580000)
  object space 243712K, 54% used [0x0000000080000000,0x00000000882b3f60,0x000000008ee00000)
 Metaspace       used 80875K, capacity 84810K, committed 85080K, reserved 1122304K
  class space    used 10821K, capacity 11586K, committed 11648K, reserved 1048576K
Event: 93.052 GC heap after
Heap after GC invocations=28 (full 4):
 PSYoungGen      total 528896K, used 17856K [0x00000000d5580000, 0x00000000f8500000, 0x0000000100000000)
  eden space 495104K, 0% used [0x00000000d5580000,0x00000000d5580000,0x00000000f3900000)
  from space 33792K, 52% used [0x00000000f6400000,0x00000000f7570010,0x00000000f8500000)
  to   space 38912K, 0% used [0x00000000f3900000,0x00000000f3900000,0x00000000f5f00000)
 ParOldGen       total 243712K, used 136624K [0x0000000080000000, 0x000000008ee00000, 0x00000000d5580000)
  object space 243712K, 56% used [0x0000000080000000,0x000000008856c090,0x000000008ee00000)
 Metaspace       used 80875K, capacity 84810K, committed 85080K, reserved 1122304K
  class space    used 10821K, capacity 11586K, committed 11648K, reserved 1048576K
}
Event: 98.090 GC heap before
{Heap before GC invocations=29 (full 4):
 PSYoungGen      total 528896K, used 512960K [0x00000000d5580000, 0x00000000f8500000, 0x0000000100000000)
  eden space 495104K, 100% used [0x00000000d5580000,0x00000000f3900000,0x00000000f3900000)
  from space 33792K, 52% used [0x00000000f6400000,0x00000000f7570010,0x00000000f8500000)
  to   space 38912K, 0% used [0x00000000f3900000,0x00000000f3900000,0x00000000f5f00000)
 ParOldGen       total 243712K, used 136624K [0x0000000080000000, 0x000000008ee00000, 0x00000000d5580000)
  object space 243712K, 56% used [0x0000000080000000,0x000000008856c090,0x000000008ee00000)
 Metaspace       used 81077K, capacity 85022K, committed 85336K, reserved 1122304K
  class space    used 10821K, capacity 11586K, committed 11648K, reserved 1048576K
Event: 98.604 GC heap after
Heap after GC invocations=29 (full 4):
 PSYoungGen      total 534016K, used 21011K [0x00000000d5580000, 0x00000000f8500000, 0x0000000100000000)
  eden space 495104K, 0% used [0x00000000d5580000,0x00000000d5580000,0x00000000f3900000)
  from space 38912K, 53% used [0x00000000f3900000,0x00000000f4d84cc0,0x00000000f5f00000)
  to   space 33792K, 0% used [0x00000000f6400000,0x00000000f6400000,0x00000000f8500000)
 ParOldGen       total 243712K, used 136632K [0x0000000080000000, 0x000000008ee00000, 0x00000000d5580000)
  object space 243712K, 56% used [0x0000000080000000,0x000000008856e090,0x000000008ee00000)
 Metaspace       used 81077K, capacity 85022K, committed 85336K, reserved 1122304K
  class space    used 10821K, capacity 11586K, committed 11648K, reserved 1048576K
}

